c:\users\test\desktop\systeminformer-master\phlib\obj\debug64\directdraw.obj
c:\users\test\desktop\systeminformer-master\phlib\obj\debug64\symprv_std.obj
c:\users\test\desktop\systeminformer-master\phlib\obj\debug64\bcd.obj
c:\users\test\desktop\systeminformer-master\phlib\obj\debug64\format_std.obj
c:\users\test\desktop\systeminformer-master\phlib\obj\debug64\appresolver.obj
c:\users\test\desktop\systeminformer-master\phlib\obj\debug64\avltree.obj
c:\users\test\desktop\systeminformer-master\phlib\obj\debug64\basesup.obj
c:\users\test\desktop\systeminformer-master\phlib\obj\debug64\circbuf.obj
c:\users\test\desktop\systeminformer-master\phlib\obj\debug64\colorbox.obj
c:\users\test\desktop\systeminformer-master\phlib\obj\debug64\data.obj
c:\users\test\desktop\systeminformer-master\phlib\obj\debug64\emenu.obj
c:\users\test\desktop\systeminformer-master\phlib\obj\debug64\extlv.obj
c:\users\test\desktop\systeminformer-master\phlib\obj\debug64\filepool.obj
c:\users\test\desktop\systeminformer-master\phlib\obj\debug64\global.obj
c:\users\test\desktop\systeminformer-master\phlib\obj\debug64\guisup.obj
c:\users\test\desktop\systeminformer-master\phlib\obj\debug64\hndlinfo.obj
c:\users\test\desktop\systeminformer-master\phlib\obj\debug64\icotobmp.obj
c:\users\test\desktop\systeminformer-master\phlib\obj\debug64\imgcoherency.obj
c:\users\test\desktop\systeminformer-master\phlib\obj\debug64\json.obj
c:\users\test\desktop\systeminformer-master\phlib\obj\debug64\kphcomms.obj
c:\users\test\desktop\systeminformer-master\phlib\obj\debug64\mapexlf.obj
c:\users\test\desktop\systeminformer-master\phlib\obj\debug64\maplib.obj
c:\users\test\desktop\systeminformer-master\phlib\obj\debug64\provider.obj
c:\users\test\desktop\systeminformer-master\phlib\obj\debug64\ref.obj
c:\users\test\desktop\systeminformer-master\phlib\obj\debug64\secedit.obj
c:\users\test\desktop\systeminformer-master\phlib\obj\debug64\settings.obj
c:\users\test\desktop\systeminformer-master\phlib\obj\debug64\util.obj
c:\users\test\desktop\systeminformer-master\phlib\obj\debug64\symprv.obj
c:\users\test\desktop\systeminformer-master\phlib\obj\debug64\verify.obj
c:\users\test\desktop\systeminformer-master\phlib\obj\debug64\wslsup.obj
c:\users\test\desktop\systeminformer-master\phlib\obj\debug64\apiimport.obj
c:\users\test\desktop\systeminformer-master\phlib\obj\debug64\appruntime.obj
c:\users\test\desktop\systeminformer-master\phlib\obj\debug64\cpysave.obj
c:\users\test\desktop\systeminformer-master\phlib\obj\debug64\dspick.obj
c:\users\test\desktop\systeminformer-master\phlib\obj\debug64\error.obj
c:\users\test\desktop\systeminformer-master\phlib\obj\debug64\fastlock.obj
c:\users\test\desktop\systeminformer-master\phlib\obj\debug64\format.obj
c:\users\test\desktop\systeminformer-master\phlib\obj\debug64\graph.obj
c:\users\test\desktop\systeminformer-master\phlib\obj\debug64\handle.obj
c:\users\test\desktop\systeminformer-master\phlib\obj\debug64\hexedit.obj
c:\users\test\desktop\systeminformer-master\phlib\obj\debug64\http.obj
c:\users\test\desktop\systeminformer-master\phlib\obj\debug64\filestream.obj
c:\users\test\desktop\systeminformer-master\phlib\obj\debug64\mapldr.obj
c:\users\test\desktop\systeminformer-master\phlib\obj\debug64\kph.obj
c:\users\test\desktop\systeminformer-master\phlib\obj\debug64\lsasup.obj
c:\users\test\desktop\systeminformer-master\phlib\obj\debug64\mapimg.obj
c:\users\test\desktop\systeminformer-master\phlib\obj\debug64\native.obj
c:\users\test\desktop\systeminformer-master\phlib\obj\debug64\queuedlock.obj
c:\users\test\desktop\systeminformer-master\phlib\obj\debug64\secdata.obj
c:\users\test\desktop\systeminformer-master\phlib\obj\debug64\secwmi.obj
c:\users\test\desktop\systeminformer-master\phlib\obj\debug64\theme.obj
c:\users\test\desktop\systeminformer-master\phlib\obj\debug64\svcsup.obj
c:\users\test\desktop\systeminformer-master\phlib\obj\debug64\sync.obj
c:\users\test\desktop\systeminformer-master\phlib\obj\debug64\treenew.obj
c:\users\test\desktop\systeminformer-master\phlib\obj\debug64\workqueue.obj
c:\users\test\desktop\systeminformer-master\phlib\bin\debug64\phlib.pdb
c:\users\test\desktop\systeminformer-master\phlib\bin\debug64\phlib.lib
c:\users\test\desktop\systeminformer-master\phlib\obj\debug64\phlib.vcxproj.filelistabsolute.txt
c:\users\test\desktop\systeminformer-master\phlib\obj\debug64\phlib.tlog\cl.6936.write.1.tlog
c:\users\test\desktop\systeminformer-master\phlib\obj\debug64\phlib.tlog\cl.command.1.tlog
c:\users\test\desktop\systeminformer-master\phlib\obj\debug64\phlib.tlog\cl.read.1.tlog
c:\users\test\desktop\systeminformer-master\phlib\obj\debug64\phlib.tlog\lib-link.read.1.tlog
c:\users\test\desktop\systeminformer-master\phlib\obj\debug64\phlib.tlog\lib-link.write.1.tlog
c:\users\test\desktop\systeminformer-master\phlib\obj\debug64\phlib.tlog\lib.command.1.tlog
