c:\users\test\desktop\systeminformer-master\systeminformer\obj\release64\vc143.pdb
c:\users\test\desktop\systeminformer-master\systeminformer\obj\release64\notiftoast.obj
c:\users\test\desktop\systeminformer-master\systeminformer\obj\release64\actions.obj
c:\users\test\desktop\systeminformer-master\systeminformer\obj\release64\affinity.obj
c:\users\test\desktop\systeminformer-master\systeminformer\obj\release64\anawait.obj
c:\users\test\desktop\systeminformer-master\systeminformer\obj\release64\chcol.obj
c:\users\test\desktop\systeminformer-master\systeminformer\obj\release64\chproc.obj
c:\users\test\desktop\systeminformer-master\systeminformer\obj\release64\colsetmgr.obj
c:\users\test\desktop\systeminformer-master\systeminformer\obj\release64\delayhook.obj
c:\users\test\desktop\systeminformer-master\systeminformer\obj\release64\devprv.obj
c:\users\test\desktop\systeminformer-master\systeminformer\obj\release64\findobj.obj
c:\users\test\desktop\systeminformer-master\systeminformer\obj\release64\heapinfo.obj
c:\users\test\desktop\systeminformer-master\systeminformer\obj\release64\hndllist.obj
c:\users\test\desktop\systeminformer-master\systeminformer\obj\release64\hndlprp.obj
c:\users\test\desktop\systeminformer-master\systeminformer\obj\release64\hndlstat.obj
c:\users\test\desktop\systeminformer-master\systeminformer\obj\release64\itemtips.obj
c:\users\test\desktop\systeminformer-master\systeminformer\obj\release64\kdump.obj
c:\users\test\desktop\systeminformer-master\systeminformer\obj\release64\memmod.obj
c:\users\test\desktop\systeminformer-master\systeminformer\obj\release64\ksyscall.obj
c:\users\test\desktop\systeminformer-master\systeminformer\obj\release64\logwnd.obj
c:\users\test\desktop\systeminformer-master\systeminformer\obj\release64\mainwnd.obj
c:\users\test\desktop\systeminformer-master\systeminformer\obj\release64\memedit.obj
c:\users\test\desktop\systeminformer-master\systeminformer\obj\release64\memlists.obj
c:\users\test\desktop\systeminformer-master\systeminformer\obj\release64\memprv.obj
c:\users\test\desktop\systeminformer-master\systeminformer\obj\release64\memsrch.obj
c:\users\test\desktop\systeminformer-master\systeminformer\obj\release64\modlist.obj
c:\users\test\desktop\systeminformer-master\systeminformer\obj\release64\mtgndlg.obj
c:\users\test\desktop\systeminformer-master\systeminformer\obj\release64\mwpgnet.obj
c:\users\test\desktop\systeminformer-master\systeminformer\obj\release64\mwpgsrv.obj
c:\users\test\desktop\systeminformer-master\systeminformer\obj\release64\netprv.obj
c:\users\test\desktop\systeminformer-master\systeminformer\obj\release64\ntobjprp.obj
c:\users\test\desktop\systeminformer-master\systeminformer\obj\release64\pagfiles.obj
c:\users\test\desktop\systeminformer-master\systeminformer\obj\release64\svcapi.obj
c:\users\test\desktop\systeminformer-master\systeminformer\obj\release64\svcclient.obj
c:\users\test\desktop\systeminformer-master\systeminformer\obj\release64\plugin.obj
c:\users\test\desktop\systeminformer-master\systeminformer\obj\release64\procgrp.obj
c:\users\test\desktop\systeminformer-master\systeminformer\obj\release64\procprp.obj
c:\users\test\desktop\systeminformer-master\systeminformer\obj\release64\procrec.obj
c:\users\test\desktop\systeminformer-master\systeminformer\obj\release64\prpgenv.obj
c:\users\test\desktop\systeminformer-master\systeminformer\obj\release64\prpghndl.obj
c:\users\test\desktop\systeminformer-master\systeminformer\obj\release64\prpgmem.obj
c:\users\test\desktop\systeminformer-master\systeminformer\obj\release64\prpgvdm.obj
c:\users\test\desktop\systeminformer-master\systeminformer\obj\release64\prpgperf.obj
c:\users\test\desktop\systeminformer-master\systeminformer\obj\release64\prpgstat.obj
c:\users\test\desktop\systeminformer-master\systeminformer\obj\release64\prpgtok.obj
c:\users\test\desktop\systeminformer-master\systeminformer\obj\release64\runas.obj
c:\users\test\desktop\systeminformer-master\systeminformer\obj\release64\sessprp.obj
c:\users\test\desktop\systeminformer-master\systeminformer\obj\release64\settings.obj
c:\users\test\desktop\systeminformer-master\systeminformer\obj\release64\srvctl.obj
c:\users\test\desktop\systeminformer-master\systeminformer\obj\release64\srvprp.obj
c:\users\test\desktop\systeminformer-master\systeminformer\obj\release64\sessmsg.obj
c:\users\test\desktop\systeminformer-master\systeminformer\obj\release64\syssccpu.obj
c:\users\test\desktop\systeminformer-master\systeminformer\obj\release64\sysscmem.obj
c:\users\test\desktop\systeminformer-master\systeminformer\obj\release64\thrdprv.obj
c:\users\test\desktop\systeminformer-master\systeminformer\obj\release64\tokprp.obj
c:\users\test\desktop\systeminformer-master\systeminformer\obj\release64\about.obj
c:\users\test\desktop\systeminformer-master\systeminformer\obj\release64\admintask.obj
c:\users\test\desktop\systeminformer-master\systeminformer\obj\release64\appsup.obj
c:\users\test\desktop\systeminformer-master\systeminformer\obj\release64\chdlg.obj
c:\users\test\desktop\systeminformer-master\systeminformer\obj\release64\colmgr.obj
c:\users\test\desktop\systeminformer-master\systeminformer\obj\release64\dbgcon.obj
c:\users\test\desktop\systeminformer-master\systeminformer\obj\release64\delayload.obj
c:\users\test\desktop\systeminformer-master\systeminformer\obj\release64\extmgr.obj
c:\users\test\desktop\systeminformer-master\systeminformer\obj\release64\gdihndl.obj
c:\users\test\desktop\systeminformer-master\systeminformer\obj\release64\hidnproc.obj
c:\users\test\desktop\systeminformer-master\systeminformer\obj\release64\hndlmenu.obj
c:\users\test\desktop\systeminformer-master\systeminformer\obj\release64\hndlprv.obj
c:\users\test\desktop\systeminformer-master\systeminformer\obj\release64\infodlg.obj
c:\users\test\desktop\systeminformer-master\systeminformer\obj\release64\jobprp.obj
c:\users\test\desktop\systeminformer-master\systeminformer\obj\release64\ksidbg.obj
c:\users\test\desktop\systeminformer-master\systeminformer\obj\release64\ksisup.obj
c:\users\test\desktop\systeminformer-master\systeminformer\obj\release64\log.obj
c:\users\test\desktop\systeminformer-master\systeminformer\obj\release64\main.obj
c:\users\test\desktop\systeminformer-master\systeminformer\obj\release64\mdump.obj
c:\users\test\desktop\systeminformer-master\systeminformer\obj\release64\memlist.obj
c:\users\test\desktop\systeminformer-master\systeminformer\obj\release64\memprot.obj
c:\users\test\desktop\systeminformer-master\systeminformer\obj\release64\memrslt.obj
c:\users\test\desktop\systeminformer-master\systeminformer\obj\release64\miniinfo.obj
c:\users\test\desktop\systeminformer-master\systeminformer\obj\release64\modprv.obj
c:\users\test\desktop\systeminformer-master\systeminformer\obj\release64\mwpgdev.obj
c:\users\test\desktop\systeminformer-master\systeminformer\obj\release64\mwpgproc.obj
c:\users\test\desktop\systeminformer-master\systeminformer\obj\release64\netlist.obj
c:\users\test\desktop\systeminformer-master\systeminformer\obj\release64\notifico.obj
c:\users\test\desktop\systeminformer-master\systeminformer\obj\release64\options.obj
c:\users\test\desktop\systeminformer-master\systeminformer\obj\release64\clapi.obj
c:\users\test\desktop\systeminformer-master\systeminformer\obj\release64\svcapiport.obj
c:\users\test\desktop\systeminformer-master\systeminformer\obj\release64\svcmain.obj
c:\users\test\desktop\systeminformer-master\systeminformer\obj\release64\plugman.obj
c:\users\test\desktop\systeminformer-master\systeminformer\obj\release64\procmtgn.obj
c:\users\test\desktop\systeminformer-master\systeminformer\obj\release64\procprv.obj
c:\users\test\desktop\systeminformer-master\systeminformer\obj\release64\proctree.obj
c:\users\test\desktop\systeminformer-master\systeminformer\obj\release64\prpggen.obj
c:\users\test\desktop\systeminformer-master\systeminformer\obj\release64\prpgjob.obj
c:\users\test\desktop\systeminformer-master\systeminformer\obj\release64\prpgmod.obj
c:\users\test\desktop\systeminformer-master\systeminformer\obj\release64\prpgsrv.obj
c:\users\test\desktop\systeminformer-master\systeminformer\obj\release64\prpgthrd.obj
c:\users\test\desktop\systeminformer-master\systeminformer\obj\release64\prpgwmi.obj
c:\users\test\desktop\systeminformer-master\systeminformer\obj\release64\searchbox.obj
c:\users\test\desktop\systeminformer-master\systeminformer\obj\release64\sessshad.obj
c:\users\test\desktop\systeminformer-master\systeminformer\obj\release64\srvcr.obj
c:\users\test\desktop\systeminformer-master\systeminformer\obj\release64\srvlist.obj
c:\users\test\desktop\systeminformer-master\systeminformer\obj\release64\srvprv.obj
c:\users\test\desktop\systeminformer-master\systeminformer\obj\release64\sysinfo.obj
c:\users\test\desktop\systeminformer-master\systeminformer\obj\release64\sysscio.obj
c:\users\test\desktop\systeminformer-master\systeminformer\obj\release64\thrdlist.obj
c:\users\test\desktop\systeminformer-master\systeminformer\obj\release64\thrdstk.obj
c:\users\test\desktop\systeminformer-master\systeminformer\obj\release64\systeminformer.res
c:\users\test\desktop\systeminformer-master\systeminformer\obj\release64\version.res
c:\users\test\desktop\systeminformer-master\systeminformer\obj\release64\systeminformer.vcxproj.filelistabsolute.txt
c:\users\test\desktop\systeminformer-master\systeminformer\obj\release64\systeminformer.tlog\cl.command.1.tlog
c:\users\test\desktop\systeminformer-master\systeminformer\obj\release64\systeminformer.tlog\cl.read.1.tlog
c:\users\test\desktop\systeminformer-master\systeminformer\obj\release64\systeminformer.tlog\cl.write.1.tlog
c:\users\test\desktop\systeminformer-master\systeminformer\obj\release64\systeminformer.tlog\link.command.1.tlog
c:\users\test\desktop\systeminformer-master\systeminformer\obj\release64\systeminformer.tlog\link.read.1.tlog
c:\users\test\desktop\systeminformer-master\systeminformer\obj\release64\systeminformer.tlog\link.write.1.tlog
c:\users\test\desktop\systeminformer-master\systeminformer\obj\release64\systeminformer.tlog\rc.command.1.tlog
c:\users\test\desktop\systeminformer-master\systeminformer\obj\release64\systeminformer.tlog\rc.read.1.tlog
c:\users\test\desktop\systeminformer-master\systeminformer\obj\release64\systeminformer.tlog\rc.write.1.tlog
