  about.c
  actions.c
  admintask.c
  affinity.c
  anawait.c
  appsup.c
  chcol.c
  chdlg.c
  chproc.c
  colmgr.c
  colsetmgr.c
  dbgcon.c
  delayhook.c
  delayload.c
  devprv.c
  extmgr.c
  findobj.c
  gdihndl.c
  heapinfo.c
  hidnproc.c
  hndllist.c
  hndlmenu.c
  hndlprp.c
  hndlprv.c
  hndlstat.c
  infodlg.c
  itemtips.c
  jobprp.c
  kdump.c
  ksidbg.c
  memmod.c
  ksisup.c
  ksyscall.c
  log.c
  logwnd.c
  main.c
  mainwnd.c
  mdump.c
  memedit.c
  memlist.c
  memlists.c
  memprot.c
  memprv.c
  memrslt.c
  memsrch.c
  miniinfo.c
  modlist.c
  modprv.c
  mtgndlg.c
  mwpgdev.c
  mwpgnet.c
  mwpgproc.c
  mwpgsrv.c
  netlist.c
  netprv.c
  notifico.c
  ntobjprp.c
  options.c
  pagfiles.c
  clapi.c
  svcapi.c
  svcapiport.c
  svcclient.c
  svcmain.c
  plugin.c
  plugman.c
  procgrp.c
  procmtgn.c
  procprp.c
  procprv.c
  procrec.c
  proctree.c
  prpgenv.c
  prpggen.c
  prpghndl.c
  prpgjob.c
  prpgmem.c
  prpgmod.c
  prpgvdm.c
  prpgperf.c
  prpgsrv.c
  prpgstat.c
  prpgthrd.c
  prpgtok.c
  prpgwmi.c
  runas.c
  searchbox.c
  sessprp.c
  sessshad.c
  settings.c
  srvcr.c
  srvctl.c
  srvlist.c
  srvprp.c
  srvprv.c
  sessmsg.c
  sysinfo.c
  syssccpu.c
  sysscio.c
  sysscmem.c
  thrdlist.c
  thrdprv.c
  thrdstk.c
  tokprp.c
  notiftoast.cpp
C:\Users\test\.nuget\packages\microsoft.build.tasks.git\1.1.1\build\Microsoft.Build.Tasks.Git.targets(25,5): warning : 找不到具有带目录“C:\Users\test\Desktop\systeminformer-master\SystemInformer”的工作目录的存储库。
C:\Users\test\.nuget\packages\microsoft.sourcelink.common\1.1.1\build\Microsoft.SourceLink.Common.targets(53,5): warning : 源代码管理信息不可用 - 生成的源链接为空。
    正在创建库 C:\Users\test\Desktop\systeminformer-master\bin\Release64\SystemInformer.lib 和对象 C:\Users\test\Desktop\systeminformer-master\bin\Release64\SystemInformer.exp
  正在生成代码
  已完成代码的生成
  SystemInformer.vcxproj -> C:\Users\test\Desktop\systeminformer-master\bin\Release64\SystemInformer.exe
