c:\users\test\desktop\systeminformer-master\tools\peview\obj\debug64\vc143.pdb
c:\users\test\desktop\systeminformer-master\tools\peview\obj\debug64\clrtableimports.obj
c:\users\test\desktop\systeminformer-master\tools\peview\obj\debug64\chcol.obj
c:\users\test\desktop\systeminformer-master\tools\peview\obj\debug64\mappings.obj
c:\users\test\desktop\systeminformer-master\tools\peview\obj\debug64\clrprp.obj
c:\users\test\desktop\systeminformer-master\tools\peview\obj\debug64\clrprptables.obj
c:\users\test\desktop\systeminformer-master\tools\peview\obj\debug64\attributes.obj
c:\users\test\desktop\systeminformer-master\tools\peview\obj\debug64\ehcontprp.obj
c:\users\test\desktop\systeminformer-master\tools\peview\obj\debug64\exlfexports.obj
c:\users\test\desktop\systeminformer-master\tools\peview\obj\debug64\exlfprp.obj
c:\users\test\desktop\systeminformer-master\tools\peview\obj\debug64\layout.obj
c:\users\test\desktop\systeminformer-master\tools\peview\obj\debug64\peheaderprp.obj
c:\users\test\desktop\systeminformer-master\tools\peview\obj\debug64\peprpwnd.obj
c:\users\test\desktop\systeminformer-master\tools\peview\obj\debug64\peexceptprp.obj
c:\users\test\desktop\systeminformer-master\tools\peview\obj\debug64\pesectionprp.obj
c:\users\test\desktop\systeminformer-master\tools\peview\obj\debug64\richprp.obj
c:\users\test\desktop\systeminformer-master\tools\peview\obj\debug64\ldprp.obj
c:\users\test\desktop\systeminformer-master\tools\peview\obj\debug64\impprp.obj
c:\users\test\desktop\systeminformer-master\tools\peview\obj\debug64\links.obj
c:\users\test\desktop\systeminformer-master\tools\peview\obj\debug64\misc.obj
c:\users\test\desktop\systeminformer-master\tools\peview\obj\debug64\pdbprp.obj
c:\users\test\desktop\systeminformer-master\tools\peview\obj\debug64\peprp.obj
c:\users\test\desktop\systeminformer-master\tools\peview\obj\debug64\processes.obj
c:\users\test\desktop\systeminformer-master\tools\peview\obj\debug64\prpsh.obj
c:\users\test\desktop\systeminformer-master\tools\peview\obj\debug64\searchbox.obj
c:\users\test\desktop\systeminformer-master\tools\peview\obj\debug64\streams.obj
c:\users\test\desktop\systeminformer-master\tools\peview\obj\debug64\versioninfoprp.obj
c:\users\test\desktop\systeminformer-master\tools\peview\obj\debug64\cfgprp.obj
c:\users\test\desktop\systeminformer-master\tools\peview\obj\debug64\delayhook.obj
c:\users\test\desktop\systeminformer-master\tools\peview\obj\debug64\pechpeprp.obj
c:\users\test\desktop\systeminformer-master\tools\peview\obj\debug64\clrtableimportprp.obj
c:\users\test\desktop\systeminformer-master\tools\peview\obj\debug64\colmgr.obj
c:\users\test\desktop\systeminformer-master\tools\peview\obj\debug64\debugprp.obj
c:\users\test\desktop\systeminformer-master\tools\peview\obj\debug64\exlfdynamic.obj
c:\users\test\desktop\systeminformer-master\tools\peview\obj\debug64\exlfimports.obj
c:\users\test\desktop\systeminformer-master\tools\peview\obj\debug64\hashprp.obj
c:\users\test\desktop\systeminformer-master\tools\peview\obj\debug64\pedynrelocprp.obj
c:\users\test\desktop\systeminformer-master\tools\peview\obj\debug64\pemuiprp.obj
c:\users\test\desktop\systeminformer-master\tools\peview\obj\debug64\options.obj
c:\users\test\desktop\systeminformer-master\tools\peview\obj\debug64\perelocprp.obj
c:\users\test\desktop\systeminformer-master\tools\peview\obj\debug64\pepogoprp.obj
c:\users\test\desktop\systeminformer-master\tools\peview\obj\debug64\secprp.obj
c:\users\test\desktop\systeminformer-master\tools\peview\obj\debug64\expprp.obj
c:\users\test\desktop\systeminformer-master\tools\peview\obj\debug64\libprp.obj
c:\users\test\desktop\systeminformer-master\tools\peview\obj\debug64\main.obj
c:\users\test\desktop\systeminformer-master\tools\peview\obj\debug64\pdb.obj
c:\users\test\desktop\systeminformer-master\tools\peview\obj\debug64\pedirprp.obj
c:\users\test\desktop\systeminformer-master\tools\peview\obj\debug64\previewprp.obj
c:\users\test\desktop\systeminformer-master\tools\peview\obj\debug64\propstore.obj
c:\users\test\desktop\systeminformer-master\tools\peview\obj\debug64\resprp.obj
c:\users\test\desktop\systeminformer-master\tools\peview\obj\debug64\settings.obj
c:\users\test\desktop\systeminformer-master\tools\peview\obj\debug64\tlsprp.obj
c:\users\test\desktop\systeminformer-master\tools\peview\obj\debug64\volatileprp.obj
c:\users\test\desktop\systeminformer-master\bin\debug64\peview.exe
c:\users\test\desktop\systeminformer-master\bin\debug64\peview.pdb
c:\users\test\desktop\systeminformer-master\tools\peview\obj\debug64\peview.res
c:\users\test\desktop\systeminformer-master\tools\peview\obj\debug64\version.res
c:\users\test\desktop\systeminformer-master\tools\peview\obj\debug64\peview.vcxproj.filelistabsolute.txt
c:\users\test\desktop\systeminformer-master\tools\peview\obj\debug64\peview.tlog\cl.command.1.tlog
c:\users\test\desktop\systeminformer-master\tools\peview\obj\debug64\peview.tlog\cl.read.1.tlog
c:\users\test\desktop\systeminformer-master\tools\peview\obj\debug64\peview.tlog\cl.write.1.tlog
c:\users\test\desktop\systeminformer-master\tools\peview\obj\debug64\peview.tlog\link.command.1.tlog
c:\users\test\desktop\systeminformer-master\tools\peview\obj\debug64\peview.tlog\link.read.1.tlog
c:\users\test\desktop\systeminformer-master\tools\peview\obj\debug64\peview.tlog\link.write.1.tlog
c:\users\test\desktop\systeminformer-master\tools\peview\obj\debug64\peview.tlog\rc.command.1.tlog
c:\users\test\desktop\systeminformer-master\tools\peview\obj\debug64\peview.tlog\rc.read.1.tlog
c:\users\test\desktop\systeminformer-master\tools\peview\obj\debug64\peview.tlog\rc.write.1.tlog
