c:\users\test\desktop\systeminformer-master\systeminformer\obj\debug64\vc143.pdb
c:\users\test\desktop\systeminformer-master\systeminformer\obj\debug64\vc143.idb
c:\users\test\desktop\systeminformer-master\systeminformer\obj\debug64\notiftoast.obj
c:\users\test\desktop\systeminformer-master\systeminformer\obj\debug64\actions.obj
c:\users\test\desktop\systeminformer-master\systeminformer\obj\debug64\affinity.obj
c:\users\test\desktop\systeminformer-master\systeminformer\obj\debug64\appsup.obj
c:\users\test\desktop\systeminformer-master\systeminformer\obj\debug64\chdlg.obj
c:\users\test\desktop\systeminformer-master\systeminformer\obj\debug64\colmgr.obj
c:\users\test\desktop\systeminformer-master\systeminformer\obj\debug64\dbgcon.obj
c:\users\test\desktop\systeminformer-master\systeminformer\obj\debug64\delayload.obj
c:\users\test\desktop\systeminformer-master\systeminformer\obj\debug64\extmgr.obj
c:\users\test\desktop\systeminformer-master\systeminformer\obj\debug64\gdihndl.obj
c:\users\test\desktop\systeminformer-master\systeminformer\obj\debug64\hidnproc.obj
c:\users\test\desktop\systeminformer-master\systeminformer\obj\debug64\hndlmenu.obj
c:\users\test\desktop\systeminformer-master\systeminformer\obj\debug64\hndlprv.obj
c:\users\test\desktop\systeminformer-master\systeminformer\obj\debug64\infodlg.obj
c:\users\test\desktop\systeminformer-master\systeminformer\obj\debug64\jobprp.obj
c:\users\test\desktop\systeminformer-master\systeminformer\obj\debug64\kdump.obj
c:\users\test\desktop\systeminformer-master\systeminformer\obj\debug64\ksisup.obj
c:\users\test\desktop\systeminformer-master\systeminformer\obj\debug64\ksyscall.obj
c:\users\test\desktop\systeminformer-master\systeminformer\obj\debug64\main.obj
c:\users\test\desktop\systeminformer-master\systeminformer\obj\debug64\mdump.obj
c:\users\test\desktop\systeminformer-master\systeminformer\obj\debug64\memlist.obj
c:\users\test\desktop\systeminformer-master\systeminformer\obj\debug64\memprot.obj
c:\users\test\desktop\systeminformer-master\systeminformer\obj\debug64\memrslt.obj
c:\users\test\desktop\systeminformer-master\systeminformer\obj\debug64\miniinfo.obj
c:\users\test\desktop\systeminformer-master\systeminformer\obj\debug64\modprv.obj
c:\users\test\desktop\systeminformer-master\systeminformer\obj\debug64\mwpgdev.obj
c:\users\test\desktop\systeminformer-master\systeminformer\obj\debug64\mwpgproc.obj
c:\users\test\desktop\systeminformer-master\systeminformer\obj\debug64\netlist.obj
c:\users\test\desktop\systeminformer-master\systeminformer\obj\debug64\notifico.obj
c:\users\test\desktop\systeminformer-master\systeminformer\obj\debug64\options.obj
c:\users\test\desktop\systeminformer-master\systeminformer\obj\debug64\clapi.obj
c:\users\test\desktop\systeminformer-master\systeminformer\obj\debug64\svcapiport.obj
c:\users\test\desktop\systeminformer-master\systeminformer\obj\debug64\svcmain.obj
c:\users\test\desktop\systeminformer-master\systeminformer\obj\debug64\plugman.obj
c:\users\test\desktop\systeminformer-master\systeminformer\obj\debug64\procmtgn.obj
c:\users\test\desktop\systeminformer-master\systeminformer\obj\debug64\procprv.obj
c:\users\test\desktop\systeminformer-master\systeminformer\obj\debug64\proctree.obj
c:\users\test\desktop\systeminformer-master\systeminformer\obj\debug64\prpggen.obj
c:\users\test\desktop\systeminformer-master\systeminformer\obj\debug64\prpgjob.obj
c:\users\test\desktop\systeminformer-master\systeminformer\obj\debug64\prpgmod.obj
c:\users\test\desktop\systeminformer-master\systeminformer\obj\debug64\prpgsrv.obj
c:\users\test\desktop\systeminformer-master\systeminformer\obj\debug64\prpgthrd.obj
c:\users\test\desktop\systeminformer-master\systeminformer\obj\debug64\prpgwmi.obj
c:\users\test\desktop\systeminformer-master\systeminformer\obj\debug64\searchbox.obj
c:\users\test\desktop\systeminformer-master\systeminformer\obj\debug64\sessshad.obj
c:\users\test\desktop\systeminformer-master\systeminformer\obj\debug64\srvcr.obj
c:\users\test\desktop\systeminformer-master\systeminformer\obj\debug64\srvlist.obj
c:\users\test\desktop\systeminformer-master\systeminformer\obj\debug64\srvprv.obj
c:\users\test\desktop\systeminformer-master\systeminformer\obj\debug64\sysinfo.obj
c:\users\test\desktop\systeminformer-master\systeminformer\obj\debug64\sysscio.obj
c:\users\test\desktop\systeminformer-master\systeminformer\obj\debug64\thrdlist.obj
c:\users\test\desktop\systeminformer-master\systeminformer\obj\debug64\thrdstk.obj
c:\users\test\desktop\systeminformer-master\systeminformer\obj\debug64\about.obj
c:\users\test\desktop\systeminformer-master\systeminformer\obj\debug64\admintask.obj
c:\users\test\desktop\systeminformer-master\systeminformer\obj\debug64\anawait.obj
c:\users\test\desktop\systeminformer-master\systeminformer\obj\debug64\chcol.obj
c:\users\test\desktop\systeminformer-master\systeminformer\obj\debug64\chproc.obj
c:\users\test\desktop\systeminformer-master\systeminformer\obj\debug64\colsetmgr.obj
c:\users\test\desktop\systeminformer-master\systeminformer\obj\debug64\delayhook.obj
c:\users\test\desktop\systeminformer-master\systeminformer\obj\debug64\devprv.obj
c:\users\test\desktop\systeminformer-master\systeminformer\obj\debug64\findobj.obj
c:\users\test\desktop\systeminformer-master\systeminformer\obj\debug64\heapinfo.obj
c:\users\test\desktop\systeminformer-master\systeminformer\obj\debug64\hndllist.obj
c:\users\test\desktop\systeminformer-master\systeminformer\obj\debug64\hndlprp.obj
c:\users\test\desktop\systeminformer-master\systeminformer\obj\debug64\hndlstat.obj
c:\users\test\desktop\systeminformer-master\systeminformer\obj\debug64\itemtips.obj
c:\users\test\desktop\systeminformer-master\systeminformer\obj\debug64\ksidbg.obj
c:\users\test\desktop\systeminformer-master\systeminformer\obj\debug64\memmod.obj
c:\users\test\desktop\systeminformer-master\systeminformer\obj\debug64\log.obj
c:\users\test\desktop\systeminformer-master\systeminformer\obj\debug64\logwnd.obj
c:\users\test\desktop\systeminformer-master\systeminformer\obj\debug64\mainwnd.obj
c:\users\test\desktop\systeminformer-master\systeminformer\obj\debug64\memedit.obj
c:\users\test\desktop\systeminformer-master\systeminformer\obj\debug64\memlists.obj
c:\users\test\desktop\systeminformer-master\systeminformer\obj\debug64\memprv.obj
c:\users\test\desktop\systeminformer-master\systeminformer\obj\debug64\memsrch.obj
c:\users\test\desktop\systeminformer-master\systeminformer\obj\debug64\modlist.obj
c:\users\test\desktop\systeminformer-master\systeminformer\obj\debug64\mtgndlg.obj
c:\users\test\desktop\systeminformer-master\systeminformer\obj\debug64\mwpgnet.obj
c:\users\test\desktop\systeminformer-master\systeminformer\obj\debug64\mwpgsrv.obj
c:\users\test\desktop\systeminformer-master\systeminformer\obj\debug64\netprv.obj
c:\users\test\desktop\systeminformer-master\systeminformer\obj\debug64\ntobjprp.obj
c:\users\test\desktop\systeminformer-master\systeminformer\obj\debug64\pagfiles.obj
c:\users\test\desktop\systeminformer-master\systeminformer\obj\debug64\svcapi.obj
c:\users\test\desktop\systeminformer-master\systeminformer\obj\debug64\svcclient.obj
c:\users\test\desktop\systeminformer-master\systeminformer\obj\debug64\plugin.obj
c:\users\test\desktop\systeminformer-master\systeminformer\obj\debug64\procgrp.obj
c:\users\test\desktop\systeminformer-master\systeminformer\obj\debug64\procprp.obj
c:\users\test\desktop\systeminformer-master\systeminformer\obj\debug64\procrec.obj
c:\users\test\desktop\systeminformer-master\systeminformer\obj\debug64\prpgenv.obj
c:\users\test\desktop\systeminformer-master\systeminformer\obj\debug64\prpghndl.obj
c:\users\test\desktop\systeminformer-master\systeminformer\obj\debug64\prpgmem.obj
c:\users\test\desktop\systeminformer-master\systeminformer\obj\debug64\prpgvdm.obj
c:\users\test\desktop\systeminformer-master\systeminformer\obj\debug64\prpgperf.obj
c:\users\test\desktop\systeminformer-master\systeminformer\obj\debug64\prpgstat.obj
c:\users\test\desktop\systeminformer-master\systeminformer\obj\debug64\prpgtok.obj
c:\users\test\desktop\systeminformer-master\systeminformer\obj\debug64\runas.obj
c:\users\test\desktop\systeminformer-master\systeminformer\obj\debug64\sessprp.obj
c:\users\test\desktop\systeminformer-master\systeminformer\obj\debug64\settings.obj
c:\users\test\desktop\systeminformer-master\systeminformer\obj\debug64\srvctl.obj
c:\users\test\desktop\systeminformer-master\systeminformer\obj\debug64\srvprp.obj
c:\users\test\desktop\systeminformer-master\systeminformer\obj\debug64\sessmsg.obj
c:\users\test\desktop\systeminformer-master\systeminformer\obj\debug64\syssccpu.obj
c:\users\test\desktop\systeminformer-master\systeminformer\obj\debug64\sysscmem.obj
c:\users\test\desktop\systeminformer-master\systeminformer\obj\debug64\thrdprv.obj
c:\users\test\desktop\systeminformer-master\systeminformer\obj\debug64\tokprp.obj
c:\users\test\desktop\systeminformer-master\systeminformer\obj\debug64\systeminformer.ilk
c:\users\test\desktop\systeminformer-master\bin\debug64\systeminformer.exe
c:\users\test\desktop\systeminformer-master\bin\debug64\systeminformer.pdb
c:\users\test\desktop\systeminformer-master\bin\debug64\systeminformer.lib
c:\users\test\desktop\systeminformer-master\bin\debug64\systeminformer.exp
c:\users\test\desktop\systeminformer-master\systeminformer\obj\debug64\systeminformer.res
c:\users\test\desktop\systeminformer-master\systeminformer\obj\debug64\version.res
c:\users\test\desktop\systeminformer-master\systeminformer\obj\debug64\systeminformer.vcxproj.filelistabsolute.txt
c:\users\test\desktop\systeminformer-master\systeminformer\obj\debug64\systeminformer.tlog\cl.command.1.tlog
c:\users\test\desktop\systeminformer-master\systeminformer\obj\debug64\systeminformer.tlog\cl.read.1.tlog
c:\users\test\desktop\systeminformer-master\systeminformer\obj\debug64\systeminformer.tlog\cl.write.1.tlog
c:\users\test\desktop\systeminformer-master\systeminformer\obj\debug64\systeminformer.tlog\link.command.1.tlog
c:\users\test\desktop\systeminformer-master\systeminformer\obj\debug64\systeminformer.tlog\link.read.1.tlog
c:\users\test\desktop\systeminformer-master\systeminformer\obj\debug64\systeminformer.tlog\link.write.1.tlog
c:\users\test\desktop\systeminformer-master\systeminformer\obj\debug64\systeminformer.tlog\link.write.2u.tlog
c:\users\test\desktop\systeminformer-master\systeminformer\obj\debug64\systeminformer.tlog\rc.command.1.tlog
c:\users\test\desktop\systeminformer-master\systeminformer\obj\debug64\systeminformer.tlog\rc.read.1.tlog
c:\users\test\desktop\systeminformer-master\systeminformer\obj\debug64\systeminformer.tlog\rc.write.1.tlog
