  cfgprp.c
  chcol.c
  delayhook.c
  mappings.c
  pechpeprp.c
  clrprp.c
  clrtableimportprp.c
  clrprptables.c
  colmgr.c
  attributes.c
  debugprp.c
  ehcontprp.c
  exlfdynamic.c
  exlfexports.c
  exlfimports.c
  exlfprp.c
  hashprp.c
  layout.c
  pedynrelocprp.c
  peheaderprp.c
  pemuiprp.c
  peprpwnd.c
  options.c
  peexceptprp.c
  perelocprp.c
  pesectionprp.c
  pepogoprp.c
  richprp.c
  secprp.c
  ldprp.c
  expprp.c
  impprp.c
  libprp.c
  links.c
  main.c
  misc.c
  pdb.c
  pdbprp.c
  pedirprp.c
  peprp.c
  previewprp.c
  processes.c
  propstore.c
  prpsh.c
  resprp.c
  searchbox.c
  settings.c
  streams.c
  tlsprp.c
  versioninfoprp.c
  volatileprp.c
  clrtableimports.cpp
C:\Users\test\.nuget\packages\microsoft.build.tasks.git\1.1.1\build\Microsoft.Build.Tasks.Git.targets(25,5): warning : 找不到具有带目录“C:\Users\test\Desktop\systeminformer-master\tools\peview”的工作目录的存储库。
C:\Users\test\.nuget\packages\microsoft.sourcelink.common\1.1.1\build\Microsoft.SourceLink.Common.targets(53,5): warning : 源代码管理信息不可用 - 生成的源链接为空。
  正在生成代码
  已完成代码的生成
  peview.vcxproj -> C:\Users\test\Desktop\systeminformer-master\bin\Release64\peview.exe
