c:\users\test\desktop\systeminformer-master\tools\peview\obj\release64\vc143.pdb
c:\users\test\desktop\systeminformer-master\tools\peview\obj\release64\clrtableimports.obj
c:\users\test\desktop\systeminformer-master\tools\peview\obj\release64\chcol.obj
c:\users\test\desktop\systeminformer-master\tools\peview\obj\release64\mappings.obj
c:\users\test\desktop\systeminformer-master\tools\peview\obj\release64\clrprp.obj
c:\users\test\desktop\systeminformer-master\tools\peview\obj\release64\clrprptables.obj
c:\users\test\desktop\systeminformer-master\tools\peview\obj\release64\attributes.obj
c:\users\test\desktop\systeminformer-master\tools\peview\obj\release64\debugprp.obj
c:\users\test\desktop\systeminformer-master\tools\peview\obj\release64\exlfexports.obj
c:\users\test\desktop\systeminformer-master\tools\peview\obj\release64\exlfimports.obj
c:\users\test\desktop\systeminformer-master\tools\peview\obj\release64\hashprp.obj
c:\users\test\desktop\systeminformer-master\tools\peview\obj\release64\pedynrelocprp.obj
c:\users\test\desktop\systeminformer-master\tools\peview\obj\release64\pemuiprp.obj
c:\users\test\desktop\systeminformer-master\tools\peview\obj\release64\options.obj
c:\users\test\desktop\systeminformer-master\tools\peview\obj\release64\perelocprp.obj
c:\users\test\desktop\systeminformer-master\tools\peview\obj\release64\pepogoprp.obj
c:\users\test\desktop\systeminformer-master\tools\peview\obj\release64\secprp.obj
c:\users\test\desktop\systeminformer-master\tools\peview\obj\release64\expprp.obj
c:\users\test\desktop\systeminformer-master\tools\peview\obj\release64\libprp.obj
c:\users\test\desktop\systeminformer-master\tools\peview\obj\release64\main.obj
c:\users\test\desktop\systeminformer-master\tools\peview\obj\release64\pdb.obj
c:\users\test\desktop\systeminformer-master\tools\peview\obj\release64\pedirprp.obj
c:\users\test\desktop\systeminformer-master\tools\peview\obj\release64\previewprp.obj
c:\users\test\desktop\systeminformer-master\tools\peview\obj\release64\propstore.obj
c:\users\test\desktop\systeminformer-master\tools\peview\obj\release64\resprp.obj
c:\users\test\desktop\systeminformer-master\tools\peview\obj\release64\settings.obj
c:\users\test\desktop\systeminformer-master\tools\peview\obj\release64\tlsprp.obj
c:\users\test\desktop\systeminformer-master\tools\peview\obj\release64\volatileprp.obj
c:\users\test\desktop\systeminformer-master\tools\peview\obj\release64\cfgprp.obj
c:\users\test\desktop\systeminformer-master\tools\peview\obj\release64\delayhook.obj
c:\users\test\desktop\systeminformer-master\tools\peview\obj\release64\pechpeprp.obj
c:\users\test\desktop\systeminformer-master\tools\peview\obj\release64\clrtableimportprp.obj
c:\users\test\desktop\systeminformer-master\tools\peview\obj\release64\colmgr.obj
c:\users\test\desktop\systeminformer-master\tools\peview\obj\release64\ehcontprp.obj
c:\users\test\desktop\systeminformer-master\tools\peview\obj\release64\exlfdynamic.obj
c:\users\test\desktop\systeminformer-master\tools\peview\obj\release64\exlfprp.obj
c:\users\test\desktop\systeminformer-master\tools\peview\obj\release64\layout.obj
c:\users\test\desktop\systeminformer-master\tools\peview\obj\release64\peheaderprp.obj
c:\users\test\desktop\systeminformer-master\tools\peview\obj\release64\peprpwnd.obj
c:\users\test\desktop\systeminformer-master\tools\peview\obj\release64\peexceptprp.obj
c:\users\test\desktop\systeminformer-master\tools\peview\obj\release64\pesectionprp.obj
c:\users\test\desktop\systeminformer-master\tools\peview\obj\release64\richprp.obj
c:\users\test\desktop\systeminformer-master\tools\peview\obj\release64\ldprp.obj
c:\users\test\desktop\systeminformer-master\tools\peview\obj\release64\impprp.obj
c:\users\test\desktop\systeminformer-master\tools\peview\obj\release64\links.obj
c:\users\test\desktop\systeminformer-master\tools\peview\obj\release64\misc.obj
c:\users\test\desktop\systeminformer-master\tools\peview\obj\release64\pdbprp.obj
c:\users\test\desktop\systeminformer-master\tools\peview\obj\release64\peprp.obj
c:\users\test\desktop\systeminformer-master\tools\peview\obj\release64\processes.obj
c:\users\test\desktop\systeminformer-master\tools\peview\obj\release64\prpsh.obj
c:\users\test\desktop\systeminformer-master\tools\peview\obj\release64\searchbox.obj
c:\users\test\desktop\systeminformer-master\tools\peview\obj\release64\streams.obj
c:\users\test\desktop\systeminformer-master\tools\peview\obj\release64\versioninfoprp.obj
c:\users\test\desktop\systeminformer-master\tools\peview\obj\release64\peview.res
c:\users\test\desktop\systeminformer-master\tools\peview\obj\release64\version.res
c:\users\test\desktop\systeminformer-master\tools\peview\obj\release64\peview.vcxproj.filelistabsolute.txt
c:\users\test\desktop\systeminformer-master\tools\peview\obj\release64\peview.tlog\cl.command.1.tlog
c:\users\test\desktop\systeminformer-master\tools\peview\obj\release64\peview.tlog\cl.read.1.tlog
c:\users\test\desktop\systeminformer-master\tools\peview\obj\release64\peview.tlog\cl.write.1.tlog
c:\users\test\desktop\systeminformer-master\tools\peview\obj\release64\peview.tlog\link.command.1.tlog
c:\users\test\desktop\systeminformer-master\tools\peview\obj\release64\peview.tlog\link.read.1.tlog
c:\users\test\desktop\systeminformer-master\tools\peview\obj\release64\peview.tlog\link.write.1.tlog
c:\users\test\desktop\systeminformer-master\tools\peview\obj\release64\peview.tlog\rc.command.1.tlog
c:\users\test\desktop\systeminformer-master\tools\peview\obj\release64\peview.tlog\rc.read.1.tlog
c:\users\test\desktop\systeminformer-master\tools\peview\obj\release64\peview.tlog\rc.write.1.tlog
