  apiimport.c
  appresolver.c
  appruntime.c
  avltree.c
  basesup.c
  circbuf.c
  colorbox.c
  cpysave.c
  data.c
  dspick.c
  emenu.c
  error.c
  extlv.c
  fastlock.c
  filepool.c
  format.c
  global.c
  graph.c
  guisup.c
  handle.c
  hexedit.c
  hndlinfo.c
  http.c
  icotobmp.c
  filestream.c
  imgcoherency.c
  mapldr.c
  json.c
  kph.c
  kphcomms.c
  lsasup.c
  mapexlf.c
  mapimg.c
  maplib.c
  native.c
  provider.c
  queuedlock.c
  ref.c
  secdata.c
  secedit.c
  secwmi.c
  settings.c
  theme.c
  util.c
  svcsup.c
  symprv.c
  sync.c
  treenew.c
  verify.c
  workqueue.c
  wslsup.c
  bcd.cpp
  directdraw.cpp
  format_std.cpp
  symprv_std.cpp
  phlib.vcxproj -> C:\Users\test\Desktop\systeminformer-master\phlib\bin\Release64\phlib.lib
