c:\users\test\desktop\systeminformer-master\phlib\obj\release64\appresolver.obj
c:\users\test\desktop\systeminformer-master\phlib\obj\release64\avltree.obj
c:\users\test\desktop\systeminformer-master\phlib\obj\release64\basesup.obj
c:\users\test\desktop\systeminformer-master\phlib\obj\release64\circbuf.obj
c:\users\test\desktop\systeminformer-master\phlib\obj\release64\cpysave.obj
c:\users\test\desktop\systeminformer-master\phlib\obj\release64\dspick.obj
c:\users\test\desktop\systeminformer-master\phlib\obj\release64\error.obj
c:\users\test\desktop\systeminformer-master\phlib\obj\release64\fastlock.obj
c:\users\test\desktop\systeminformer-master\phlib\obj\release64\format.obj
c:\users\test\desktop\systeminformer-master\phlib\obj\release64\graph.obj
c:\users\test\desktop\systeminformer-master\phlib\obj\release64\handle.obj
c:\users\test\desktop\systeminformer-master\phlib\obj\release64\hndlinfo.obj
c:\users\test\desktop\systeminformer-master\phlib\obj\release64\icotobmp.obj
c:\users\test\desktop\systeminformer-master\phlib\obj\release64\filestream.obj
c:\users\test\desktop\systeminformer-master\phlib\obj\release64\mapldr.obj
c:\users\test\desktop\systeminformer-master\phlib\obj\release64\kphcomms.obj
c:\users\test\desktop\systeminformer-master\phlib\obj\release64\mapexlf.obj
c:\users\test\desktop\systeminformer-master\phlib\obj\release64\maplib.obj
c:\users\test\desktop\systeminformer-master\phlib\obj\release64\native.obj
c:\users\test\desktop\systeminformer-master\phlib\obj\release64\ref.obj
c:\users\test\desktop\systeminformer-master\phlib\obj\release64\secedit.obj
c:\users\test\desktop\systeminformer-master\phlib\obj\release64\settings.obj
c:\users\test\desktop\systeminformer-master\phlib\obj\release64\util.obj
c:\users\test\desktop\systeminformer-master\phlib\obj\release64\symprv.obj
c:\users\test\desktop\systeminformer-master\phlib\obj\release64\verify.obj
c:\users\test\desktop\systeminformer-master\phlib\obj\release64\wslsup.obj
c:\users\test\desktop\systeminformer-master\phlib\obj\release64\apiimport.obj
c:\users\test\desktop\systeminformer-master\phlib\obj\release64\appruntime.obj
c:\users\test\desktop\systeminformer-master\phlib\obj\release64\colorbox.obj
c:\users\test\desktop\systeminformer-master\phlib\obj\release64\data.obj
c:\users\test\desktop\systeminformer-master\phlib\obj\release64\emenu.obj
c:\users\test\desktop\systeminformer-master\phlib\obj\release64\extlv.obj
c:\users\test\desktop\systeminformer-master\phlib\obj\release64\filepool.obj
c:\users\test\desktop\systeminformer-master\phlib\obj\release64\global.obj
c:\users\test\desktop\systeminformer-master\phlib\obj\release64\guisup.obj
c:\users\test\desktop\systeminformer-master\phlib\obj\release64\hexedit.obj
c:\users\test\desktop\systeminformer-master\phlib\obj\release64\http.obj
c:\users\test\desktop\systeminformer-master\phlib\obj\release64\imgcoherency.obj
c:\users\test\desktop\systeminformer-master\phlib\obj\release64\json.obj
c:\users\test\desktop\systeminformer-master\phlib\obj\release64\kph.obj
c:\users\test\desktop\systeminformer-master\phlib\obj\release64\lsasup.obj
c:\users\test\desktop\systeminformer-master\phlib\obj\release64\mapimg.obj
c:\users\test\desktop\systeminformer-master\phlib\obj\release64\provider.obj
c:\users\test\desktop\systeminformer-master\phlib\obj\release64\queuedlock.obj
c:\users\test\desktop\systeminformer-master\phlib\obj\release64\secdata.obj
c:\users\test\desktop\systeminformer-master\phlib\obj\release64\secwmi.obj
c:\users\test\desktop\systeminformer-master\phlib\obj\release64\theme.obj
c:\users\test\desktop\systeminformer-master\phlib\obj\release64\svcsup.obj
c:\users\test\desktop\systeminformer-master\phlib\obj\release64\sync.obj
c:\users\test\desktop\systeminformer-master\phlib\obj\release64\treenew.obj
c:\users\test\desktop\systeminformer-master\phlib\obj\release64\workqueue.obj
c:\users\test\desktop\systeminformer-master\phlib\bin\release64\phlib.pdb
c:\users\test\desktop\systeminformer-master\phlib\obj\release64\bcd.obj
c:\users\test\desktop\systeminformer-master\phlib\obj\release64\format_std.obj
c:\users\test\desktop\systeminformer-master\phlib\obj\release64\directdraw.obj
c:\users\test\desktop\systeminformer-master\phlib\obj\release64\symprv_std.obj
c:\users\test\desktop\systeminformer-master\phlib\obj\release64\phlib.vcxproj.filelistabsolute.txt
c:\users\test\desktop\systeminformer-master\phlib\obj\release64\phlib.tlog\cl.13028.write.1.tlog
c:\users\test\desktop\systeminformer-master\phlib\obj\release64\phlib.tlog\cl.command.1.tlog
c:\users\test\desktop\systeminformer-master\phlib\obj\release64\phlib.tlog\cl.read.1.tlog
c:\users\test\desktop\systeminformer-master\phlib\obj\release64\phlib.tlog\lib-link.read.1.tlog
c:\users\test\desktop\systeminformer-master\phlib\obj\release64\phlib.tlog\lib-link.write.1.tlog
c:\users\test\desktop\systeminformer-master\phlib\obj\release64\phlib.tlog\lib.command.1.tlog
